Generated at 2016-04-19 21:14:45 +0100
Chef::Exceptions::InsufficientPermissions: directory[/etc/profile.d] (java::set_java_home line 26) had an error: Chef::Exceptions::InsufficientPermissions: Cannot create directory[/etc/profile.d] at /etc/profile.d due to insufficient permissions
/opt/chefdk/embedded/lib/ruby/gems/2.1.0/gems/chef-12.8.1/lib/chef/mixin/why_run.rb:240:in `run'
/opt/chefdk/embedded/lib/ruby/gems/2.1.0/gems/chef-12.8.1/lib/chef/mixin/why_run.rb:321:in `block in run'
/opt/chefdk/embedded/lib/ruby/gems/2.1.0/gems/chef-12.8.1/lib/chef/mixin/why_run.rb:320:in `each'
/opt/chefdk/embedded/lib/ruby/gems/2.1.0/gems/chef-12.8.1/lib/chef/mixin/why_run.rb:320:in `run'
/opt/chefdk/embedded/lib/ruby/gems/2.1.0/gems/chef-12.8.1/lib/chef/provider.rb:154:in `process_resource_requirements'
/opt/chefdk/embedded/lib/ruby/gems/2.1.0/gems/chef-12.8.1/lib/chef/provider.rb:132:in `run_action'
/opt/chefdk/embedded/lib/ruby/gems/2.1.0/gems/chef-12.8.1/lib/chef/resource.rb:596:in `run_action'
/opt/chefdk/embedded/lib/ruby/gems/2.1.0/gems/chef-12.8.1/lib/chef/runner.rb:73:in `run_action'
/opt/chefdk/embedded/lib/ruby/gems/2.1.0/gems/chef-12.8.1/lib/chef/runner.rb:105:in `block (2 levels) in converge'
/opt/chefdk/embedded/lib/ruby/gems/2.1.0/gems/chef-12.8.1/lib/chef/runner.rb:105:in `each'
/opt/chefdk/embedded/lib/ruby/gems/2.1.0/gems/chef-12.8.1/lib/chef/runner.rb:105:in `block in converge'
/opt/chefdk/embedded/lib/ruby/gems/2.1.0/gems/chef-12.8.1/lib/chef/resource_collection/resource_list.rb:84:in `block in execute_each_resource'
/opt/chefdk/embedded/lib/ruby/gems/2.1.0/gems/chef-12.8.1/lib/chef/resource_collection/stepable_iterator.rb:116:in `call'
/opt/chefdk/embedded/lib/ruby/gems/2.1.0/gems/chef-12.8.1/lib/chef/resource_collection/stepable_iterator.rb:116:in `call_iterator_block'
/opt/chefdk/embedded/lib/ruby/gems/2.1.0/gems/chef-12.8.1/lib/chef/resource_collection/stepable_iterator.rb:85:in `step'
/opt/chefdk/embedded/lib/ruby/gems/2.1.0/gems/chef-12.8.1/lib/chef/resource_collection/stepable_iterator.rb:104:in `iterate'
/opt/chefdk/embedded/lib/ruby/gems/2.1.0/gems/chef-12.8.1/lib/chef/resource_collection/stepable_iterator.rb:55:in `each_with_index'
/opt/chefdk/embedded/lib/ruby/gems/2.1.0/gems/chef-12.8.1/lib/chef/resource_collection/resource_list.rb:82:in `execute_each_resource'
/opt/chefdk/embedded/lib/ruby/gems/2.1.0/gems/chef-12.8.1/lib/chef/runner.rb:104:in `converge'
/opt/chefdk/embedded/lib/ruby/gems/2.1.0/gems/chef-12.8.1/lib/chef/client.rb:668:in `block in converge'
/opt/chefdk/embedded/lib/ruby/gems/2.1.0/gems/chef-12.8.1/lib/chef/client.rb:663:in `catch'
/opt/chefdk/embedded/lib/ruby/gems/2.1.0/gems/chef-12.8.1/lib/chef/client.rb:663:in `converge'
/opt/chefdk/embedded/lib/ruby/gems/2.1.0/gems/chef-12.8.1/lib/chef/client.rb:702:in `converge_and_save'
/opt/chefdk/embedded/lib/ruby/gems/2.1.0/gems/chef-12.8.1/lib/chef/client.rb:280:in `run'
/opt/chefdk/embedded/lib/ruby/gems/2.1.0/gems/chef-12.8.1/lib/chef/application.rb:270:in `block in fork_chef_client'
/opt/chefdk/embedded/lib/ruby/gems/2.1.0/gems/chef-12.8.1/lib/chef/application.rb:258:in `fork'
/opt/chefdk/embedded/lib/ruby/gems/2.1.0/gems/chef-12.8.1/lib/chef/application.rb:258:in `fork_chef_client'
/opt/chefdk/embedded/lib/ruby/gems/2.1.0/gems/chef-12.8.1/lib/chef/application.rb:223:in `block in run_chef_client'
/opt/chefdk/embedded/lib/ruby/gems/2.1.0/gems/chef-12.8.1/lib/chef/local_mode.rb:44:in `with_server_connectivity'
/opt/chefdk/embedded/lib/ruby/gems/2.1.0/gems/chef-12.8.1/lib/chef/application.rb:211:in `run_chef_client'
/opt/chefdk/embedded/lib/ruby/gems/2.1.0/gems/chef-12.8.1/lib/chef/application/solo.rb:301:in `block in interval_run_chef_client'
/opt/chefdk/embedded/lib/ruby/gems/2.1.0/gems/chef-12.8.1/lib/chef/application/solo.rb:290:in `loop'
/opt/chefdk/embedded/lib/ruby/gems/2.1.0/gems/chef-12.8.1/lib/chef/application/solo.rb:290:in `interval_run_chef_client'
/opt/chefdk/embedded/lib/ruby/gems/2.1.0/gems/chef-12.8.1/lib/chef/application/solo.rb:269:in `run_application'
/opt/chefdk/embedded/lib/ruby/gems/2.1.0/gems/chef-12.8.1/lib/chef/application.rb:58:in `run'
/opt/chefdk/embedded/lib/ruby/gems/2.1.0/gems/chef-12.8.1/bin/chef-solo:25:in `<top (required)>'
/usr/bin/chef-solo:49:in `load'
/usr/bin/chef-solo:49:in `<main>'